(hartmann3d) Trial 56 of 60 failed with error: AssertionError("isfinite(phi_c) && isfinite(dphi_c)")(hartmann3d) Trial 7 of 30 failed with error: AssertionError("isfinite(phi_c) && isfinite(dphi_c)")
(hartmann3d) Trial 17 of 30 failed with error: AssertionError("isfinite(phi_c) && isfinite(dphi_c)")
(hartmann3d) Trial 7 of 30 failed with error: AssertionError("isfinite(phi_c) && isfinite(dphi_c)")
(hartmann3d) Trial 17 of 30 failed with error: AssertionError("isfinite(phi_c) && isfinite(dphi_c)")
